<?xml version="1.0" encoding="UTF-8"?>
<!-- Generated by org.testng.reporters.JUnitXMLReporter -->
<testsuite hostname="EBLLICT94203HS" ignored="0" name="Default test" tests="3" failures="2" timestamp="2022-07-10T20:16:15 EAT" time="129.985" errors="0">
  <testcase name="addNote" time="9.862" classname="com.googlekeep.nala.tests.NotesTests"/>
  <testcase name="searchNote" time="12.321" classname="com.googlekeep.nala.tests.NotesTests">
    <failure type="org.openqa.selenium.TimeoutException" message="Expected condition failed: waiting for visibility of element located by By.id: com.google.android.keep:id/background_theme_image_view (tried for 5 second(s) with 500 milliseconds interval)
Build info: version: &amp;apos;4.3.0&amp;apos;, revision: &amp;apos;a4995e2c09*&amp;apos;
System info: host: &amp;apos;EBLLICT94203HS&amp;apos;, ip: &amp;apos;192.168.100.227&amp;apos;, os.name: &amp;apos;Windows 10&amp;apos;, os.arch: &amp;apos;amd64&amp;apos;, os.version: &amp;apos;10.0&amp;apos;, java.version: &amp;apos;1.8.0_202&amp;apos;
Driver info: io.appium.java_client.android.AndroidDriver
Capabilities {appium:appActivity: .activities.BrowseActivity, appium:appPackage: com.google.android.keep, appium:databaseEnabled: false, appium:desired: {appActivity: .activities.BrowseActivity, appPackage: com.google.android.keep, deviceName: samsung SM-M115F, newCommandTimeout: 60, platformName: android, platformVersion: 11, udid: R9JN70AWBDJ}, appium:deviceApiLevel: 30, appium:deviceManufacturer: samsung, appium:deviceModel: SM-M115F, appium:deviceName: R9JN70AWBDJ, appium:deviceScreenDensity: 320, appium:deviceScreenSize: 720x1560, appium:deviceUDID: R9JN70AWBDJ, appium:javascriptEnabled: true, appium:locationContextEnabled: false, appium:networkConnectionEnabled: true, appium:newCommandTimeout: 60, appium:pixelRatio: 2, appium:platformVersion: 11, appium:statBarHeight: 65, appium:takesScreenshot: true, appium:udid: R9JN70AWBDJ, appium:viewportRect: {height: 1334, left: 0, top: 65, width: 720}, appium:warnings: {}, appium:webStorageEnabled: false, platformName: ANDROID}
Session ID: 4c05b65e-9fa8-4b56-a6e2-7fd71ee277e8">
      <![CDATA[org.openqa.selenium.TimeoutException: Expected condition failed: waiting for visibility of element located by By.id: com.google.android.keep:id/background_theme_image_view (tried for 5 second(s) with 500 milliseconds interval)
Build info: version: '4.3.0', revision: 'a4995e2c09*'
System info: host: 'EBLLICT94203HS', ip: '192.168.100.227', os.name: 'Windows 10', os.arch: 'amd64', os.version: '10.0', java.version: '1.8.0_202'
Driver info: io.appium.java_client.android.AndroidDriver
Capabilities {appium:appActivity: .activities.BrowseActivity, appium:appPackage: com.google.android.keep, appium:databaseEnabled: false, appium:desired: {appActivity: .activities.BrowseActivity, appPackage: com.google.android.keep, deviceName: samsung SM-M115F, newCommandTimeout: 60, platformName: android, platformVersion: 11, udid: R9JN70AWBDJ}, appium:deviceApiLevel: 30, appium:deviceManufacturer: samsung, appium:deviceModel: SM-M115F, appium:deviceName: R9JN70AWBDJ, appium:deviceScreenDensity: 320, appium:deviceScreenSize: 720x1560, appium:deviceUDID: R9JN70AWBDJ, appium:javascriptEnabled: true, appium:locationContextEnabled: false, appium:networkConnectionEnabled: true, appium:newCommandTimeout: 60, appium:pixelRatio: 2, appium:platformVersion: 11, appium:statBarHeight: 65, appium:takesScreenshot: true, appium:udid: R9JN70AWBDJ, appium:viewportRect: {height: 1334, left: 0, top: 65, width: 720}, appium:warnings: {}, appium:webStorageEnabled: false, platformName: ANDROID}
Session ID: 4c05b65e-9fa8-4b56-a6e2-7fd71ee277e8
at org.openqa.selenium.support.ui.WebDriverWait.timeoutException(WebDriverWait.java:87)
at org.openqa.selenium.support.ui.FluentWait.until(FluentWait.java:231)
at com.googlekeep.nala.screens.BasePageObject.waitFor(BasePageObject.java:58)
at com.googlekeep.nala.screens.BasePageObject.waitForVisibilityOf(BasePageObject.java:45)
at com.googlekeep.nala.screens.BasePageObject.click(BasePageObject.java:36)
at com.googlekeep.nala.screens.HomeScreen.searchText(HomeScreen.java:48)
at com.googlekeep.nala.tests.NotesTests.searchNote(NotesTests.java:33)
at sun.reflect.NativeMethodAccessorImpl.invoke0(Native Method)
at sun.reflect.NativeMethodAccessorImpl.invoke(NativeMethodAccessorImpl.java:62)
at sun.reflect.DelegatingMethodAccessorImpl.invoke(DelegatingMethodAccessorImpl.java:43)
at java.lang.reflect.Method.invoke(Method.java:498)
at org.testng.internal.MethodInvocationHelper.invokeMethod(MethodInvocationHelper.java:133)
at org.testng.internal.TestInvoker.invokeMethod(TestInvoker.java:598)
at org.testng.internal.TestInvoker.invokeTestMethod(TestInvoker.java:173)
at org.testng.internal.MethodRunner.runInSequence(MethodRunner.java:46)
at org.testng.internal.TestInvoker$MethodInvocationAgent.invoke(TestInvoker.java:824)
at org.testng.internal.TestInvoker.invokeTestMethods(TestInvoker.java:146)
at org.testng.internal.TestMethodWorker.invokeTestMethods(TestMethodWorker.java:146)
at org.testng.internal.TestMethodWorker.run(TestMethodWorker.java:128)
at java.util.ArrayList.forEach(ArrayList.java:1257)
at org.testng.TestRunner.privateRun(TestRunner.java:794)
at org.testng.TestRunner.run(TestRunner.java:596)
at org.testng.SuiteRunner.runTest(SuiteRunner.java:377)
at org.testng.SuiteRunner.runSequentially(SuiteRunner.java:371)
at org.testng.SuiteRunner.privateRun(SuiteRunner.java:332)
at org.testng.SuiteRunner.run(SuiteRunner.java:276)
at org.testng.SuiteRunnerWorker.runSuite(SuiteRunnerWorker.java:53)
at org.testng.SuiteRunnerWorker.run(SuiteRunnerWorker.java:96)
at org.testng.TestNG.runSuitesSequentially(TestNG.java:1212)
at org.testng.TestNG.runSuitesLocally(TestNG.java:1134)
at org.testng.TestNG.runSuites(TestNG.java:1063)
at org.testng.TestNG.run(TestNG.java:1031)
at org.testng.remote.AbstractRemoteTestNG.run(AbstractRemoteTestNG.java:115)
at org.testng.remote.RemoteTestNG.initAndRun(RemoteTestNG.java:251)
at org.testng.remote.RemoteTestNG.main(RemoteTestNG.java:77)
]]>
    </failure>
  </testcase> <!-- searchNote -->
  <testcase name="deleteNote" time="6.133" classname="com.googlekeep.nala.tests.NotesTests">
    <failure type="org.openqa.selenium.TimeoutException" message="Expected condition failed: waiting for visibility of element located by By.id: com.google.android.keep:id/bs_action_button (tried for 5 second(s) with 500 milliseconds interval)
Build info: version: &amp;apos;4.3.0&amp;apos;, revision: &amp;apos;a4995e2c09*&amp;apos;
System info: host: &amp;apos;EBLLICT94203HS&amp;apos;, ip: &amp;apos;192.168.100.227&amp;apos;, os.name: &amp;apos;Windows 10&amp;apos;, os.arch: &amp;apos;amd64&amp;apos;, os.version: &amp;apos;10.0&amp;apos;, java.version: &amp;apos;1.8.0_202&amp;apos;
Driver info: io.appium.java_client.android.AndroidDriver
Capabilities {appium:appActivity: .activities.BrowseActivity, appium:appPackage: com.google.android.keep, appium:databaseEnabled: false, appium:desired: {appActivity: .activities.BrowseActivity, appPackage: com.google.android.keep, deviceName: samsung SM-M115F, newCommandTimeout: 60, platformName: android, platformVersion: 11, udid: R9JN70AWBDJ}, appium:deviceApiLevel: 30, appium:deviceManufacturer: samsung, appium:deviceModel: SM-M115F, appium:deviceName: R9JN70AWBDJ, appium:deviceScreenDensity: 320, appium:deviceScreenSize: 720x1560, appium:deviceUDID: R9JN70AWBDJ, appium:javascriptEnabled: true, appium:locationContextEnabled: false, appium:networkConnectionEnabled: true, appium:newCommandTimeout: 60, appium:pixelRatio: 2, appium:platformVersion: 11, appium:statBarHeight: 65, appium:takesScreenshot: true, appium:udid: R9JN70AWBDJ, appium:viewportRect: {height: 1334, left: 0, top: 65, width: 720}, appium:warnings: {}, appium:webStorageEnabled: false, platformName: ANDROID}
Session ID: 4c05b65e-9fa8-4b56-a6e2-7fd71ee277e8">
      <![CDATA[org.openqa.selenium.TimeoutException: Expected condition failed: waiting for visibility of element located by By.id: com.google.android.keep:id/bs_action_button (tried for 5 second(s) with 500 milliseconds interval)
Build info: version: '4.3.0', revision: 'a4995e2c09*'
System info: host: 'EBLLICT94203HS', ip: '192.168.100.227', os.name: 'Windows 10', os.arch: 'amd64', os.version: '10.0', java.version: '1.8.0_202'
Driver info: io.appium.java_client.android.AndroidDriver
Capabilities {appium:appActivity: .activities.BrowseActivity, appium:appPackage: com.google.android.keep, appium:databaseEnabled: false, appium:desired: {appActivity: .activities.BrowseActivity, appPackage: com.google.android.keep, deviceName: samsung SM-M115F, newCommandTimeout: 60, platformName: android, platformVersion: 11, udid: R9JN70AWBDJ}, appium:deviceApiLevel: 30, appium:deviceManufacturer: samsung, appium:deviceModel: SM-M115F, appium:deviceName: R9JN70AWBDJ, appium:deviceScreenDensity: 320, appium:deviceScreenSize: 720x1560, appium:deviceUDID: R9JN70AWBDJ, appium:javascriptEnabled: true, appium:locationContextEnabled: false, appium:networkConnectionEnabled: true, appium:newCommandTimeout: 60, appium:pixelRatio: 2, appium:platformVersion: 11, appium:statBarHeight: 65, appium:takesScreenshot: true, appium:udid: R9JN70AWBDJ, appium:viewportRect: {height: 1334, left: 0, top: 65, width: 720}, appium:warnings: {}, appium:webStorageEnabled: false, platformName: ANDROID}
Session ID: 4c05b65e-9fa8-4b56-a6e2-7fd71ee277e8
at org.openqa.selenium.support.ui.WebDriverWait.timeoutException(WebDriverWait.java:87)
at org.openqa.selenium.support.ui.FluentWait.until(FluentWait.java:231)
at com.googlekeep.nala.screens.BasePageObject.waitFor(BasePageObject.java:58)
at com.googlekeep.nala.screens.BasePageObject.waitForVisibilityOf(BasePageObject.java:45)
at com.googlekeep.nala.screens.BasePageObject.click(BasePageObject.java:36)
at com.googlekeep.nala.screens.NotesScreen.deleteNote(NotesScreen.java:51)
at com.googlekeep.nala.tests.NotesTests.deleteNote(NotesTests.java:41)
at sun.reflect.NativeMethodAccessorImpl.invoke0(Native Method)
at sun.reflect.NativeMethodAccessorImpl.invoke(NativeMethodAccessorImpl.java:62)
at sun.reflect.DelegatingMethodAccessorImpl.invoke(DelegatingMethodAccessorImpl.java:43)
at java.lang.reflect.Method.invoke(Method.java:498)
at org.testng.internal.MethodInvocationHelper.invokeMethod(MethodInvocationHelper.java:133)
at org.testng.internal.TestInvoker.invokeMethod(TestInvoker.java:598)
at org.testng.internal.TestInvoker.invokeTestMethod(TestInvoker.java:173)
at org.testng.internal.MethodRunner.runInSequence(MethodRunner.java:46)
at org.testng.internal.TestInvoker$MethodInvocationAgent.invoke(TestInvoker.java:824)
at org.testng.internal.TestInvoker.invokeTestMethods(TestInvoker.java:146)
at org.testng.internal.TestMethodWorker.invokeTestMethods(TestMethodWorker.java:146)
at org.testng.internal.TestMethodWorker.run(TestMethodWorker.java:128)
at java.util.ArrayList.forEach(ArrayList.java:1257)
at org.testng.TestRunner.privateRun(TestRunner.java:794)
at org.testng.TestRunner.run(TestRunner.java:596)
at org.testng.SuiteRunner.runTest(SuiteRunner.java:377)
at org.testng.SuiteRunner.runSequentially(SuiteRunner.java:371)
at org.testng.SuiteRunner.privateRun(SuiteRunner.java:332)
at org.testng.SuiteRunner.run(SuiteRunner.java:276)
at org.testng.SuiteRunnerWorker.runSuite(SuiteRunnerWorker.java:53)
at org.testng.SuiteRunnerWorker.run(SuiteRunnerWorker.java:96)
at org.testng.TestNG.runSuitesSequentially(TestNG.java:1212)
at org.testng.TestNG.runSuitesLocally(TestNG.java:1134)
at org.testng.TestNG.runSuites(TestNG.java:1063)
at org.testng.TestNG.run(TestNG.java:1031)
at org.testng.remote.AbstractRemoteTestNG.run(AbstractRemoteTestNG.java:115)
at org.testng.remote.RemoteTestNG.initAndRun(RemoteTestNG.java:251)
at org.testng.remote.RemoteTestNG.main(RemoteTestNG.java:77)
]]>
    </failure>
  </testcase> <!-- deleteNote -->
</testsuite> <!-- Default test -->
