<?xml version="1.0" encoding="UTF-8"?>
<!-- Generated by org.testng.reporters.JUnitXMLReporter -->
<testsuite hostname="EBLLICT94203HS" ignored="0" name="NotesTests" tests="3" failures="0" timestamp="2022-07-10T20:23:10 EAT" time="162.861" errors="0">
  <testcase name="addNote" time="9.541" classname="com.googlekeep.nala.tests.NotesTests"/>
  <testcase name="searchNote" time="15.482" classname="com.googlekeep.nala.tests.NotesTests"/>
  <testcase name="deleteNote" time="9.239" classname="com.googlekeep.nala.tests.NotesTests"/>
</testsuite> <!-- NotesTests -->
