<?xml version="1.0" encoding="UTF-8"?>
<!-- Generated by org.testng.reporters.JUnitXMLReporter -->
<testsuite hostname="EBLLICT94203HS" ignored="0" name="ListsTests" tests="6" failures="0" timestamp="2022-07-10T20:48:45 EAT" time="197.854" errors="0">
  <testcase name="addNewList" time="16.495" classname="com.googlekeep.nala.tests.ListTests"/>
  <testcase name="searchList" time="10.931" classname="com.googlekeep.nala.tests.ListTests"/>
  <testcase name="checkAnItemInTheList" time="17.01" classname="com.googlekeep.nala.tests.ListTests"/>
  <testcase name="deleteItemsInTheList" time="11.018" classname="com.googlekeep.nala.tests.ListTests"/>
  <testcase name="unCheckItemsInTheList" time="7.537" classname="com.googlekeep.nala.tests.ListTests"/>
  <testcase name="deleteList" time="10.566" classname="com.googlekeep.nala.tests.ListTests"/>
</testsuite> <!-- ListsTests -->
