<?xml version="1.0" encoding="UTF-8"?>
<!-- Generated by org.testng.reporters.JUnitXMLReporter -->
<testsuite hostname="EBLLICT94203HS" ignored="0" name="NotesTests" tests="3" failures="0" timestamp="2022-07-10T20:45:27 EAT" time="151.047" errors="0">
  <testcase name="addNote" time="9.114" classname="com.googlekeep.nala.tests.NotesTests"/>
  <testcase name="searchNote" time="14.056" classname="com.googlekeep.nala.tests.NotesTests"/>
  <testcase name="deleteNote" time="13.027" classname="com.googlekeep.nala.tests.NotesTests"/>
</testsuite> <!-- NotesTests -->
